# JRE version: OpenJDK Runtime Environment Microsoft-8035246 (17.0.8+7) (build 17.0.8+7-LTS)
# Java VM: OpenJDK 64-Bit Server VM Microsoft-8035246 (17.0.8+7-LTS, mixed mode, sharing, tiered, compressed oops, compressed class ptrs, g1 gc, windows-amd64)
GC Precious Log:
 CPUs: 4 total, 4 available
 Memory: 9932M
 Large Page Support: Disabled
 NUMA Support: Disabled
 Compressed Oops: Enabled (32-bit)
 Heap Region Size: 1M
 Heap Min Capacity: 8M
 Heap Initial Capacity: 156M
 Heap Max Capacity: 2G
 Pre-touch: Disabled
 Parallel Workers: 4
 Concurrent Workers: 1
 Concurrent Refinement Workers: 4
 Periodic GC: Disabled
Heap:
 garbage-first heap   total 464896K, used 353331K [0x0000000080000000, 0x0000000100000000)
  region size 1024K, 149 young (152576K), 13 survivors (13312K)
 Metaspace       used 108691K, committed 109952K, reserved 557056K
  class space    used 15200K, committed 15808K, reserved 425984K
GC Heap History (20 events):
Event: 43.244 GC heap before
{Heap before GC invocations=43 (full 0):
 garbage-first heap   total 261120K, used 208240K [0x0000000080000000, 0x0000000100000000)
  region size 1024K, 58 young (59392K), 1 survivors (1024K)
 Metaspace       used 100186K, committed 101184K, reserved 557056K
  class space    used 14170K, committed 14656K, reserved 425984K
}
Event: 43.253 GC heap after
{Heap after GC invocations=44 (full 0):
 garbage-first heap   total 261120K, used 152297K [0x0000000080000000, 0x0000000100000000)
  region size 1024K, 4 young (4096K), 4 survivors (4096K)
 Metaspace       used 100186K, committed 101184K, reserved 557056K
  class space    used 14170K, committed 14656K, reserved 425984K
}
Event: 44.441 GC heap before
{Heap before GC invocations=45 (full 0):
 garbage-first heap   total 273408K, used 210665K [0x0000000080000000, 0x0000000100000000)
  region size 1024K, 61 young (62464K), 4 survivors (4096K)
 Metaspace       used 100952K, committed 102016K, reserved 557056K
  class space    used 14257K, committed 14784K, reserved 425984K
}
Event: 44.460 GC heap after
{Heap after GC invocations=46 (full 0):
 garbage-first heap   total 273408K, used 161157K [0x0000000080000000, 0x0000000100000000)
  region size 1024K, 8 young (8192K), 8 survivors (8192K)
 Metaspace       used 100952K, committed 102016K, reserved 557056K
  class space    used 14257K, committed 14784K, reserved 425984K
}
Event: 44.521 GC heap before
{Heap before GC invocations=46 (full 0):
 garbage-first heap   total 273408K, used 166277K [0x0000000080000000, 0x0000000100000000)
  region size 1024K, 13 young (13312K), 8 survivors (8192K)
 Metaspace       used 100957K, committed 102016K, reserved 557056K
  class space    used 14258K, committed 14784K, reserved 425984K
}
Event: 44.539 GC heap after
{Heap after GC invocations=47 (full 0):
 garbage-first heap   total 273408K, used 161512K [0x0000000080000000, 0x0000000100000000)
  region size 1024K, 2 young (2048K), 2 survivors (2048K)
 Metaspace       used 100957K, committed 102016K, reserved 557056K
  class space    used 14258K, committed 14784K, reserved 425984K
}
Event: 45.715 GC heap before
{Heap before GC invocations=47 (full 0):
 garbage-first heap   total 273408K, used 221928K [0x0000000080000000, 0x0000000100000000)
  region size 1024K, 60 young (61440K), 2 survivors (2048K)
 Metaspace       used 101398K, committed 102528K, reserved 557056K
  class space    used 14297K, committed 14848K, reserved 425984K
}
Event: 45.736 GC heap after
{Heap after GC invocations=48 (full 0):
 garbage-first heap   total 273408K, used 171525K [0x0000000080000000, 0x0000000100000000)
  region size 1024K, 8 young (8192K), 8 survivors (8192K)
 Metaspace       used 101398K, committed 102528K, reserved 557056K
  class space    used 14297K, committed 14848K, reserved 425984K
}
Event: 47.346 GC heap before
{Heap before GC invocations=48 (full 0):
 garbage-first heap   total 273408K, used 222725K [0x0000000080000000, 0x0000000100000000)
  region size 1024K, 59 young (60416K), 8 survivors (8192K)
 Metaspace       used 101960K, committed 103104K, reserved 557056K
  class space    used 14359K, committed 14912K, reserved 425984K
}
Event: 47.373 GC heap after
{Heap after GC invocations=49 (full 0):
 garbage-first heap   total 273408K, used 181994K [0x0000000080000000, 0x0000000100000000)
  region size 1024K, 8 young (8192K), 8 survivors (8192K)
 Metaspace       used 101960K, committed 103104K, reserved 557056K
  class space    used 14359K, committed 14912K, reserved 425984K
}
Event: 48.323 GC heap before
{Heap before GC invocations=49 (full 0):
 garbage-first heap   total 273408K, used 227050K [0x0000000080000000, 0x0000000100000000)
  region size 1024K, 50 young (51200K), 8 survivors (8192K)
 Metaspace       used 102885K, committed 104064K, reserved 557056K
  class space    used 14488K, committed 15040K, reserved 425984K
}
Event: 48.343 GC heap after
{Heap after GC invocations=50 (full 0):
 garbage-first heap   total 273408K, used 192234K [0x0000000080000000, 0x0000000100000000)
  region size 1024K, 7 young (7168K), 7 survivors (7168K)
 Metaspace       used 102885K, committed 104064K, reserved 557056K
  class space    used 14488K, committed 15040K, reserved 425984K
}
Event: 49.265 GC heap before
{Heap before GC invocations=50 (full 0):
 garbage-first heap   total 273408K, used 228074K [0x0000000080000000, 0x0000000100000000)
  region size 1024K, 42 young (43008K), 7 survivors (7168K)
 Metaspace       used 106610K, committed 107776K, reserved 557056K
  class space    used 14985K, committed 15552K, reserved 425984K
}
Event: 49.278 GC heap after
{Heap after GC invocations=51 (full 0):
 garbage-first heap   total 273408K, used 195065K [0x0000000080000000, 0x0000000100000000)
  region size 1024K, 2 young (2048K), 2 survivors (2048K)
 Metaspace       used 106610K, committed 107776K, reserved 557056K
  class space    used 14985K, committed 15552K, reserved 425984K
}
Event: 50.319 GC heap before
{Heap before GC invocations=51 (full 0):
 garbage-first heap   total 273408K, used 230905K [0x0000000080000000, 0x0000000100000000)
  region size 1024K, 37 young (37888K), 2 survivors (2048K)
 Metaspace       used 107603K, committed 108864K, reserved 557056K
  class space    used 15099K, committed 15680K, reserved 425984K
}
Event: 50.345 GC heap after
{Heap after GC invocations=52 (full 0):
 garbage-first heap   total 273408K, used 201395K [0x0000000080000000, 0x0000000100000000)
  region size 1024K, 5 young (5120K), 5 survivors (5120K)
 Metaspace       used 107603K, committed 108864K, reserved 557056K
  class space    used 15099K, committed 15680K, reserved 425984K
}
Event: 51.054 GC heap before
{Heap before GC invocations=52 (full 0):
 garbage-first heap   total 273408K, used 232115K [0x0000000080000000, 0x0000000100000000)
  region size 1024K, 35 young (35840K), 5 survivors (5120K)
 Metaspace       used 107875K, committed 109120K, reserved 557056K
  class space    used 15116K, committed 15680K, reserved 425984K
}
Event: 51.073 GC heap after
{Heap after GC invocations=53 (full 0):
 garbage-first heap   total 464896K, used 204851K [0x0000000080000000, 0x0000000100000000)
  region size 1024K, 3 young (3072K), 3 survivors (3072K)
 Metaspace       used 107875K, committed 109120K, reserved 557056K
  class space    used 15116K, committed 15680K, reserved 425984K
}
Event: 53.758 GC heap before
{Heap before GC invocations=53 (full 0):
 garbage-first heap   total 464896K, used 359475K [0x0000000080000000, 0x0000000100000000)
  region size 1024K, 155 young (158720K), 3 survivors (3072K)
 Metaspace       used 108689K, committed 109952K, reserved 557056K
  class space    used 15200K, committed 15808K, reserved 425984K
}
Event: 53.786 GC heap after
{Heap after GC invocations=54 (full 0):
 garbage-first heap   total 464896K, used 215091K [0x0000000080000000, 0x0000000100000000)
  region size 1024K, 13 young (13312K), 13 survivors (13312K)
 Metaspace       used 108689K, committed 109952K, reserved 557056K
  class space    used 15200K, committed 15808K, reserved 425984K
}

