# JRE version: OpenJDK Runtime Environment Microsoft-8035246 (17.0.8+7) (build 17.0.8+7-LTS)
# Java VM: OpenJDK 64-Bit Server VM Microsoft-8035246 (17.0.8+7-LTS, mixed mode, sharing, tiered, compressed oops, compressed class ptrs, g1 gc, windows-amd64)
GC Precious Log:
 CPUs: 4 total, 4 available
 Memory: 7884M
 Large Page Support: Disabled
 NUMA Support: Disabled
 Compressed Oops: Enabled (32-bit)
 Heap Region Size: 1M
 Heap Min Capacity: 8M
 Heap Initial Capacity: 124M
 Heap Max Capacity: 2G
 Pre-touch: Disabled
 Parallel Workers: 4
 Concurrent Workers: 1
 Concurrent Refinement Workers: 4
 Periodic GC: Disabled
Heap:
 garbage-first heap   total 505856K, used 277504K [0x0000000080000000, 0x0000000100000000)
  region size 1024K, 83 young (84992K), 26 survivors (26624K)
 Metaspace       used 109230K, committed 110720K, reserved 557056K
  class space    used 15358K, committed 16000K, reserved 425984K
GC Heap History (20 events):
Event: 30.231 GC heap before
{Heap before GC invocations=27 (full 0):
 garbage-first heap   total 192512K, used 157038K [0x0000000080000000, 0x0000000100000000)
  region size 1024K, 71 young (72704K), 10 survivors (10240K)
 Metaspace       used 76559K, committed 77312K, reserved 557056K
  class space    used 10742K, committed 11136K, reserved 425984K
}
Event: 30.246 GC heap after
{Heap after GC invocations=28 (full 0):
 garbage-first heap   total 192512K, used 94123K [0x0000000080000000, 0x0000000100000000)
  region size 1024K, 6 young (6144K), 6 survivors (6144K)
 Metaspace       used 76559K, committed 77312K, reserved 557056K
  class space    used 10742K, committed 11136K, reserved 425984K
}
Event: 31.092 GC heap before
{Heap before GC invocations=28 (full 0):
 garbage-first heap   total 192512K, used 153515K [0x0000000080000000, 0x0000000100000000)
  region size 1024K, 64 young (65536K), 6 survivors (6144K)
 Metaspace       used 80934K, committed 81664K, reserved 557056K
  class space    used 11342K, committed 11712K, reserved 425984K
}
Event: 31.104 GC heap after
{Heap after GC invocations=29 (full 0):
 garbage-first heap   total 192512K, used 96745K [0x0000000080000000, 0x0000000100000000)
  region size 1024K, 3 young (3072K), 3 survivors (3072K)
 Metaspace       used 80934K, committed 81664K, reserved 557056K
  class space    used 11342K, committed 11712K, reserved 425984K
}
Event: 38.237 GC heap before
{Heap before GC invocations=30 (full 0):
 garbage-first heap   total 192512K, used 155113K [0x0000000080000000, 0x0000000100000000)
  region size 1024K, 61 young (62464K), 3 survivors (3072K)
 Metaspace       used 82242K, committed 83008K, reserved 557056K
  class space    used 11532K, committed 11904K, reserved 425984K
}
Event: 38.250 GC heap after
{Heap after GC invocations=31 (full 0):
 garbage-first heap   total 192512K, used 101036K [0x0000000080000000, 0x0000000100000000)
  region size 1024K, 7 young (7168K), 7 survivors (7168K)
 Metaspace       used 82242K, committed 83008K, reserved 557056K
  class space    used 11532K, committed 11904K, reserved 425984K
}
Event: 38.285 GC heap before
{Heap before GC invocations=31 (full 0):
 garbage-first heap   total 192512K, used 103084K [0x0000000080000000, 0x0000000100000000)
  region size 1024K, 9 young (9216K), 7 survivors (7168K)
 Metaspace       used 82341K, committed 83072K, reserved 557056K
  class space    used 11547K, committed 11904K, reserved 425984K
}
Event: 38.299 GC heap after
{Heap after GC invocations=32 (full 0):
 garbage-first heap   total 192512K, used 100974K [0x0000000080000000, 0x0000000100000000)
  region size 1024K, 1 young (1024K), 1 survivors (1024K)
 Metaspace       used 82341K, committed 83072K, reserved 557056K
  class space    used 11547K, committed 11904K, reserved 425984K
}
Event: 39.432 GC heap before
{Heap before GC invocations=32 (full 0):
 garbage-first heap   total 192512K, used 158318K [0x0000000080000000, 0x0000000100000000)
  region size 1024K, 56 young (57344K), 1 survivors (1024K)
 Metaspace       used 86013K, committed 86848K, reserved 557056K
  class space    used 12129K, committed 12544K, reserved 425984K
}
Event: 39.438 GC heap after
{Heap after GC invocations=33 (full 0):
 garbage-first heap   total 192512K, used 102111K [0x0000000080000000, 0x0000000100000000)
  region size 1024K, 3 young (3072K), 3 survivors (3072K)
 Metaspace       used 86013K, committed 86848K, reserved 557056K
  class space    used 12129K, committed 12544K, reserved 425984K
}
Event: 40.420 GC heap before
{Heap before GC invocations=34 (full 0):
 garbage-first heap   total 192512K, used 158431K [0x0000000080000000, 0x0000000100000000)
  region size 1024K, 58 young (59392K), 3 survivors (3072K)
 Metaspace       used 89763K, committed 90560K, reserved 557056K
  class space    used 12740K, committed 13120K, reserved 425984K
}
Event: 40.431 GC heap after
{Heap after GC invocations=35 (full 0):
 garbage-first heap   total 192512K, used 104424K [0x0000000080000000, 0x0000000100000000)
  region size 1024K, 5 young (5120K), 5 survivors (5120K)
 Metaspace       used 89763K, committed 90560K, reserved 557056K
  class space    used 12740K, committed 13120K, reserved 425984K
}
Event: 40.510 GC heap before
{Heap before GC invocations=35 (full 0):
 garbage-first heap   total 192512K, used 108520K [0x0000000080000000, 0x0000000100000000)
  region size 1024K, 9 young (9216K), 5 survivors (5120K)
 Metaspace       used 90014K, committed 90816K, reserved 557056K
  class space    used 12784K, committed 13184K, reserved 425984K
}
Event: 40.525 GC heap after
{Heap after GC invocations=36 (full 0):
 garbage-first heap   total 505856K, used 104164K [0x0000000080000000, 0x0000000100000000)
  region size 1024K, 1 young (1024K), 1 survivors (1024K)
 Metaspace       used 90014K, committed 90816K, reserved 557056K
  class space    used 12784K, committed 13184K, reserved 425984K
}
Event: 47.899 GC heap before
{Heap before GC invocations=36 (full 0):
 garbage-first heap   total 505856K, used 403172K [0x0000000080000000, 0x0000000100000000)
  region size 1024K, 286 young (292864K), 1 survivors (1024K)
 Metaspace       used 97925K, committed 99072K, reserved 557056K
  class space    used 13745K, committed 14272K, reserved 425984K
}
Event: 47.978 GC heap after
{Heap after GC invocations=37 (full 0):
 garbage-first heap   total 505856K, used 155440K [0x0000000080000000, 0x0000000100000000)
  region size 1024K, 36 young (36864K), 36 survivors (36864K)
 Metaspace       used 97925K, committed 99072K, reserved 557056K
  class space    used 13745K, committed 14272K, reserved 425984K
}
Event: 51.330 GC heap before
{Heap before GC invocations=37 (full 0):
 garbage-first heap   total 505856K, used 354096K [0x0000000080000000, 0x0000000100000000)
  region size 1024K, 227 young (232448K), 36 survivors (36864K)
 Metaspace       used 103474K, committed 104704K, reserved 557056K
  class space    used 14569K, committed 15104K, reserved 425984K
}
Event: 51.432 GC heap after
{Heap after GC invocations=38 (full 0):
 garbage-first heap   total 505856K, used 187263K [0x0000000080000000, 0x0000000100000000)
  region size 1024K, 28 young (28672K), 28 survivors (28672K)
 Metaspace       used 103474K, committed 104704K, reserved 557056K
  class space    used 14569K, committed 15104K, reserved 425984K
}
Event: 54.681 GC heap before
{Heap before GC invocations=38 (full 0):
 garbage-first heap   total 505856K, used 371583K [0x0000000080000000, 0x0000000100000000)
  region size 1024K, 206 young (210944K), 28 survivors (28672K)
 Metaspace       used 105210K, committed 106688K, reserved 557056K
  class space    used 14793K, committed 15424K, reserved 425984K
}
Event: 54.764 GC heap after
{Heap after GC invocations=39 (full 0):
 garbage-first heap   total 505856K, used 220160K [0x0000000080000000, 0x0000000100000000)
  region size 1024K, 26 young (26624K), 26 survivors (26624K)
 Metaspace       used 105210K, committed 106688K, reserved 557056K
  class space    used 14793K, committed 15424K, reserved 425984K
}

