# JRE version: OpenJDK Runtime Environment Microsoft-8035246 (17.0.8+7) (build 17.0.8+7-LTS)
# Java VM: OpenJDK 64-Bit Server VM Microsoft-8035246 (17.0.8+7-LTS, mixed mode, sharing, tiered, compressed oops, compressed class ptrs, g1 gc, windows-amd64)
GC Precious Log:
 CPUs: 4 total, 4 available
 Memory: 9932M
 Large Page Support: Disabled
 NUMA Support: Disabled
 Compressed Oops: Enabled (32-bit)
 Heap Region Size: 1M
 Heap Min Capacity: 8M
 Heap Initial Capacity: 156M
 Heap Max Capacity: 2G
 Pre-touch: Disabled
 Parallel Workers: 4
 Concurrent Workers: 1
 Concurrent Refinement Workers: 4
 Periodic GC: Disabled
Heap:
 garbage-first heap   total 368640K, used 302027K [0x0000000080000000, 0x0000000100000000)
  region size 1024K, 49 young (50176K), 4 survivors (4096K)
 Metaspace       used 116000K, committed 117632K, reserved 557056K
  class space    used 16133K, committed 16832K, reserved 425984K
GC Heap History (20 events):
Event: 102.542 GC heap before
{Heap before GC invocations=48 (full 0):
 garbage-first heap   total 307200K, used 252234K [0x0000000080000000, 0x0000000100000000)
  region size 1024K, 73 young (74752K), 9 survivors (9216K)
 Metaspace       used 108645K, committed 109888K, reserved 557056K
  class space    used 15203K, committed 15744K, reserved 425984K
}
Event: 102.570 GC heap after
{Heap after GC invocations=49 (full 0):
 garbage-first heap   total 307200K, used 197150K [0x0000000080000000, 0x0000000100000000)
  region size 1024K, 10 young (10240K), 10 survivors (10240K)
 Metaspace       used 108645K, committed 109888K, reserved 557056K
  class space    used 15203K, committed 15744K, reserved 425984K
}
Event: 103.970 GC heap before
{Heap before GC invocations=49 (full 0):
 garbage-first heap   total 307200K, used 251422K [0x0000000080000000, 0x0000000100000000)
  region size 1024K, 64 young (65536K), 10 survivors (10240K)
 Metaspace       used 109380K, committed 110656K, reserved 557056K
  class space    used 15291K, committed 15872K, reserved 425984K
}
Event: 103.997 GC heap after
{Heap after GC invocations=50 (full 0):
 garbage-first heap   total 307200K, used 209692K [0x0000000080000000, 0x0000000100000000)
  region size 1024K, 8 young (8192K), 8 survivors (8192K)
 Metaspace       used 109380K, committed 110656K, reserved 557056K
  class space    used 15291K, committed 15872K, reserved 425984K
}
Event: 105.203 GC heap before
{Heap before GC invocations=50 (full 0):
 garbage-first heap   total 307200K, used 254748K [0x0000000080000000, 0x0000000100000000)
  region size 1024K, 51 young (52224K), 8 survivors (8192K)
 Metaspace       used 109680K, committed 111104K, reserved 557056K
  class space    used 15336K, committed 15936K, reserved 425984K
}
Event: 105.232 GC heap after
{Heap after GC invocations=51 (full 0):
 garbage-first heap   total 307200K, used 222720K [0x0000000080000000, 0x0000000100000000)
  region size 1024K, 7 young (7168K), 7 survivors (7168K)
 Metaspace       used 109680K, committed 111104K, reserved 557056K
  class space    used 15336K, committed 15936K, reserved 425984K
}
Event: 106.009 GC heap before
{Heap before GC invocations=51 (full 0):
 garbage-first heap   total 307200K, used 256512K [0x0000000080000000, 0x0000000100000000)
  region size 1024K, 40 young (40960K), 7 survivors (7168K)
 Metaspace       used 110392K, committed 111808K, reserved 557056K
  class space    used 15436K, committed 16064K, reserved 425984K
}
Event: 106.041 GC heap after
{Heap after GC invocations=52 (full 0):
 garbage-first heap   total 307200K, used 228815K [0x0000000080000000, 0x0000000100000000)
  region size 1024K, 5 young (5120K), 5 survivors (5120K)
 Metaspace       used 110392K, committed 111808K, reserved 557056K
  class space    used 15436K, committed 16064K, reserved 425984K
}
Event: 106.921 GC heap before
{Heap before GC invocations=52 (full 0):
 garbage-first heap   total 307200K, used 259535K [0x0000000080000000, 0x0000000100000000)
  region size 1024K, 35 young (35840K), 5 survivors (5120K)
 Metaspace       used 113102K, committed 114496K, reserved 557056K
  class space    used 15839K, committed 16448K, reserved 425984K
}
Event: 106.935 GC heap after
{Heap after GC invocations=53 (full 0):
 garbage-first heap   total 307200K, used 230832K [0x0000000080000000, 0x0000000100000000)
  region size 1024K, 2 young (2048K), 2 survivors (2048K)
 Metaspace       used 113102K, committed 114496K, reserved 557056K
  class space    used 15839K, committed 16448K, reserved 425984K
}
Event: 107.955 GC heap before
{Heap before GC invocations=53 (full 0):
 garbage-first heap   total 307200K, used 261552K [0x0000000080000000, 0x0000000100000000)
  region size 1024K, 32 young (32768K), 2 survivors (2048K)
 Metaspace       used 114191K, committed 115648K, reserved 557056K
  class space    used 15947K, committed 16576K, reserved 425984K
}
Event: 107.982 GC heap after
{Heap after GC invocations=54 (full 0):
 garbage-first heap   total 307200K, used 236302K [0x0000000080000000, 0x0000000100000000)
  region size 1024K, 4 young (4096K), 4 survivors (4096K)
 Metaspace       used 114191K, committed 115648K, reserved 557056K
  class space    used 15947K, committed 16576K, reserved 425984K
}
Event: 108.960 GC heap before
{Heap before GC invocations=54 (full 0):
 garbage-first heap   total 307200K, used 262926K [0x0000000080000000, 0x0000000100000000)
  region size 1024K, 30 young (30720K), 4 survivors (4096K)
 Metaspace       used 114763K, committed 116224K, reserved 557056K
  class space    used 16017K, committed 16640K, reserved 425984K
}
Event: 108.984 GC heap after
{Heap after GC invocations=55 (full 0):
 garbage-first heap   total 368640K, used 241454K [0x0000000080000000, 0x0000000100000000)
  region size 1024K, 4 young (4096K), 4 survivors (4096K)
 Metaspace       used 114763K, committed 116224K, reserved 557056K
  class space    used 16017K, committed 16640K, reserved 425984K
}
Event: 110.382 GC heap before
{Heap before GC invocations=55 (full 0):
 garbage-first heap   total 368640K, used 298798K [0x0000000080000000, 0x0000000100000000)
  region size 1024K, 60 young (61440K), 4 survivors (4096K)
 Metaspace       used 115047K, committed 116480K, reserved 557056K
  class space    used 16021K, committed 16640K, reserved 425984K
}
Event: 110.403 GC heap after
{Heap after GC invocations=56 (full 0):
 garbage-first heap   total 368640K, used 246784K [0x0000000080000000, 0x0000000100000000)
  region size 1024K, 8 young (8192K), 8 survivors (8192K)
 Metaspace       used 115047K, committed 116480K, reserved 557056K
  class space    used 16021K, committed 16640K, reserved 425984K
}
Event: 111.508 GC heap before
{Heap before GC invocations=56 (full 0):
 garbage-first heap   total 368640K, used 303104K [0x0000000080000000, 0x0000000100000000)
  region size 1024K, 63 young (64512K), 8 survivors (8192K)
 Metaspace       used 115426K, committed 116928K, reserved 557056K
  class space    used 16054K, committed 16704K, reserved 425984K
}
Event: 111.534 GC heap after
{Heap after GC invocations=57 (full 0):
 garbage-first heap   total 368640K, used 254395K [0x0000000080000000, 0x0000000100000000)
  region size 1024K, 8 young (8192K), 8 survivors (8192K)
 Metaspace       used 115426K, committed 116928K, reserved 557056K
  class space    used 16054K, committed 16704K, reserved 425984K
}
Event: 112.738 GC heap before
{Heap before GC invocations=57 (full 0):
 garbage-first heap   total 368640K, used 305595K [0x0000000080000000, 0x0000000100000000)
  region size 1024K, 59 young (60416K), 8 survivors (8192K)
 Metaspace       used 115697K, committed 117248K, reserved 557056K
  class space    used 16085K, committed 16768K, reserved 425984K
}
Event: 112.757 GC heap after
{Heap after GC invocations=58 (full 0):
 garbage-first heap   total 368640K, used 257995K [0x0000000080000000, 0x0000000100000000)
  region size 1024K, 4 young (4096K), 4 survivors (4096K)
 Metaspace       used 115697K, committed 117248K, reserved 557056K
  class space    used 16085K, committed 16768K, reserved 425984K
}

