# JRE version: OpenJDK Runtime Environment Microsoft-8035246 (17.0.8+7) (build 17.0.8+7-LTS)
# Java VM: OpenJDK 64-Bit Server VM Microsoft-8035246 (17.0.8+7-LTS, mixed mode, sharing, tiered, compressed oops, compressed class ptrs, g1 gc, windows-amd64)
GC Precious Log:
 CPUs: 4 total, 4 available
 Memory: 7884M
 Large Page Support: Disabled
 NUMA Support: Disabled
 Compressed Oops: Enabled (32-bit)
 Heap Region Size: 1M
 Heap Min Capacity: 8M
 Heap Initial Capacity: 124M
 Heap Max Capacity: 2G
 Pre-touch: Disabled
 Parallel Workers: 4
 Concurrent Workers: 1
 Concurrent Refinement Workers: 4
 Periodic GC: Disabled
Heap:
 garbage-first heap   total 389120K, used 267921K [0x0000000080000000, 0x0000000100000000)
  region size 1024K, 19 young (19456K), 7 survivors (7168K)
 Metaspace       used 111055K, committed 112640K, reserved 557056K
  class space    used 15527K, committed 16256K, reserved 425984K
GC Heap History (20 events):
Event: 58.517 GC heap before
{Heap before GC invocations=49 (full 0):
 garbage-first heap   total 323584K, used 254302K [0x0000000080000000, 0x0000000100000000)
  region size 1024K, 78 young (79872K), 10 survivors (10240K)
 Metaspace       used 103545K, committed 104832K, reserved 557056K
  class space    used 14557K, committed 15168K, reserved 425984K
}
Event: 58.561 GC heap after
{Heap after GC invocations=50 (full 0):
 garbage-first heap   total 323584K, used 196384K [0x0000000080000000, 0x0000000100000000)
  region size 1024K, 10 young (10240K), 10 survivors (10240K)
 Metaspace       used 103545K, committed 104832K, reserved 557056K
  class space    used 14557K, committed 15168K, reserved 425984K
}
Event: 60.979 GC heap before
{Heap before GC invocations=50 (full 0):
 garbage-first heap   total 323584K, used 258848K [0x0000000080000000, 0x0000000100000000)
  region size 1024K, 70 young (71680K), 10 survivors (10240K)
 Metaspace       used 104318K, committed 105664K, reserved 557056K
  class space    used 14660K, committed 15296K, reserved 425984K
}
Event: 61.017 GC heap after
{Heap after GC invocations=51 (full 0):
 garbage-first heap   total 323584K, used 211947K [0x0000000080000000, 0x0000000100000000)
  region size 1024K, 9 young (9216K), 9 survivors (9216K)
 Metaspace       used 104318K, committed 105664K, reserved 557056K
  class space    used 14660K, committed 15296K, reserved 425984K
}
Event: 62.398 GC heap before
{Heap before GC invocations=51 (full 0):
 garbage-first heap   total 323584K, used 263147K [0x0000000080000000, 0x0000000100000000)
  region size 1024K, 59 young (60416K), 9 survivors (9216K)
 Metaspace       used 105006K, committed 106304K, reserved 557056K
  class space    used 14746K, committed 15360K, reserved 425984K
}
Event: 62.439 GC heap after
{Heap after GC invocations=52 (full 0):
 garbage-first heap   total 323584K, used 222208K [0x0000000080000000, 0x0000000100000000)
  region size 1024K, 8 young (8192K), 8 survivors (8192K)
 Metaspace       used 105006K, committed 106304K, reserved 557056K
  class space    used 14746K, committed 15360K, reserved 425984K
}
Event: 63.606 GC heap before
{Heap before GC invocations=52 (full 0):
 garbage-first heap   total 323584K, used 267264K [0x0000000080000000, 0x0000000100000000)
  region size 1024K, 52 young (53248K), 8 survivors (8192K)
 Metaspace       used 108706K, committed 110208K, reserved 557056K
  class space    used 15280K, committed 16000K, reserved 425984K
}
Event: 63.648 GC heap after
{Heap after GC invocations=53 (full 0):
 garbage-first heap   total 323584K, used 225482K [0x0000000080000000, 0x0000000100000000)
  region size 1024K, 3 young (3072K), 3 survivors (3072K)
 Metaspace       used 108706K, committed 110208K, reserved 557056K
  class space    used 15280K, committed 16000K, reserved 425984K
}
Event: 64.943 GC heap before
{Heap before GC invocations=53 (full 0):
 garbage-first heap   total 323584K, used 270538K [0x0000000080000000, 0x0000000100000000)
  region size 1024K, 47 young (48128K), 3 survivors (3072K)
 Metaspace       used 109642K, committed 111104K, reserved 557056K
  class space    used 15379K, committed 16064K, reserved 425984K
}
Event: 64.972 GC heap after
{Heap after GC invocations=54 (full 0):
 garbage-first heap   total 323584K, used 235279K [0x0000000080000000, 0x0000000100000000)
  region size 1024K, 6 young (6144K), 6 survivors (6144K)
 Metaspace       used 109642K, committed 111104K, reserved 557056K
  class space    used 15379K, committed 16064K, reserved 425984K
}
Event: 65.620 GC heap before
{Heap before GC invocations=54 (full 0):
 garbage-first heap   total 323584K, used 271119K [0x0000000080000000, 0x0000000100000000)
  region size 1024K, 41 young (41984K), 6 survivors (6144K)
 Metaspace       used 109940K, committed 111488K, reserved 557056K
  class space    used 15396K, committed 16128K, reserved 425984K
}
Event: 65.655 GC heap after
{Heap after GC invocations=55 (full 0):
 garbage-first heap   total 323584K, used 239746K [0x0000000080000000, 0x0000000100000000)
  region size 1024K, 4 young (4096K), 4 survivors (4096K)
 Metaspace       used 109940K, committed 111488K, reserved 557056K
  class space    used 15396K, committed 16128K, reserved 425984K
}
Event: 66.274 GC heap before
{Heap before GC invocations=55 (full 0):
 garbage-first heap   total 323584K, used 273538K [0x0000000080000000, 0x0000000100000000)
  region size 1024K, 37 young (37888K), 4 survivors (4096K)
 Metaspace       used 110103K, committed 111616K, reserved 557056K
  class space    used 15399K, committed 16128K, reserved 425984K
}
Event: 66.289 GC heap after
{Heap after GC invocations=56 (full 0):
 garbage-first heap   total 323584K, used 242577K [0x0000000080000000, 0x0000000100000000)
  region size 1024K, 3 young (3072K), 3 survivors (3072K)
 Metaspace       used 110103K, committed 111616K, reserved 557056K
  class space    used 15399K, committed 16128K, reserved 425984K
}
Event: 66.853 GC heap before
{Heap before GC invocations=56 (full 0):
 garbage-first heap   total 323584K, used 276369K [0x0000000080000000, 0x0000000100000000)
  region size 1024K, 36 young (36864K), 3 survivors (3072K)
 Metaspace       used 110338K, committed 111872K, reserved 557056K
  class space    used 15434K, committed 16128K, reserved 425984K
}
Event: 66.869 GC heap after
{Heap after GC invocations=57 (full 0):
 garbage-first heap   total 323584K, used 246478K [0x0000000080000000, 0x0000000100000000)
  region size 1024K, 4 young (4096K), 4 survivors (4096K)
 Metaspace       used 110338K, committed 111872K, reserved 557056K
  class space    used 15434K, committed 16128K, reserved 425984K
}
Event: 67.482 GC heap before
{Heap before GC invocations=57 (full 0):
 garbage-first heap   total 323584K, used 278222K [0x0000000080000000, 0x0000000100000000)
  region size 1024K, 35 young (35840K), 4 survivors (4096K)
 Metaspace       used 110658K, committed 112320K, reserved 557056K
  class space    used 15478K, committed 16256K, reserved 425984K
}
Event: 67.504 GC heap after
{Heap after GC invocations=58 (full 0):
 garbage-first heap   total 389120K, used 251483K [0x0000000080000000, 0x0000000100000000)
  region size 1024K, 5 young (5120K), 5 survivors (5120K)
 Metaspace       used 110658K, committed 112320K, reserved 557056K
  class space    used 15478K, committed 16256K, reserved 425984K
}
Event: 69.038 GC heap before
{Heap before GC invocations=58 (full 0):
 garbage-first heap   total 389120K, used 320091K [0x0000000080000000, 0x0000000100000000)
  region size 1024K, 73 young (74752K), 5 survivors (5120K)
 Metaspace       used 111045K, committed 112640K, reserved 557056K
  class space    used 15527K, committed 16256K, reserved 425984K
}
Event: 69.062 GC heap after
{Heap after GC invocations=59 (full 0):
 garbage-first heap   total 389120K, used 254427K [0x0000000080000000, 0x0000000100000000)
  region size 1024K, 8 young (8192K), 8 survivors (8192K)
 Metaspace       used 111045K, committed 112640K, reserved 557056K
  class space    used 15527K, committed 16256K, reserved 425984K
}

